216 INFO: PyInstaller: 6.14.2, contrib hooks: 2025.8
216 INFO: Python: 3.12.5
256 INFO: Platform: Windows-10-10.0.18363-SP0
256 INFO: Python environment: C:\Python312
260 INFO: Module search paths (PYTHONPATH):
['C:\\Python312\\Scripts\\pyinstaller.exe',
 'C:\\Python312\\python312.zip',
 'C:\\Python312\\DLLs',
 'C:\\Python312\\Lib',
 'C:\\Python312',
 'C:\\Python312\\Lib\\site-packages',
 'C:\\Python312\\Lib\\site-packages\\win32',
 'C:\\Python312\\Lib\\site-packages\\win32\\lib',
 'C:\\Python312\\Lib\\site-packages\\Pythonwin',
 'C:\\Python312\\Lib\\site-packages\\setuptools\\_vendor',
 'C:\\WISE\\Game-Launcher\\src']
732 INFO: Appending 'datas' from .spec
734 INFO: checking Analysis
734 INFO: Building Analysis because Analysis-00.toc is non existent
734 INFO: Running Analysis Analysis-00.toc
734 INFO: Target bytecode optimization level: 0
734 INFO: Initializing module dependency graph...
735 INFO: Initializing module graph hook caches...
751 INFO: Analyzing modules for base_library.zip ...
2074 INFO: Processing standard module hook 'hook-encodings.py' from 'C:\\Python312\\Lib\\site-packages\\PyInstaller\\hooks'
3703 INFO: Processing standard module hook 'hook-pickle.py' from 'C:\\Python312\\Lib\\site-packages\\PyInstaller\\hooks'
4831 INFO: Processing standard module hook 'hook-heapq.py' from 'C:\\Python312\\Lib\\site-packages\\PyInstaller\\hooks'
5197 INFO: Caching module dependency graph...
5239 INFO: Looking for Python shared library...
5249 INFO: Using Python shared library: C:\Python312\python312.dll
5249 INFO: Analyzing C:\WISE\Game-Launcher\src\main.py
5413 INFO: Processing standard module hook 'hook-multiprocessing.util.py' from 'C:\\Python312\\Lib\\site-packages\\PyInstaller\\hooks'
5567 INFO: Processing standard module hook 'hook-xml.py' from 'C:\\Python312\\Lib\\site-packages\\PyInstaller\\hooks'
6172 INFO: Processing standard module hook 'hook-PySide6.py' from 'C:\\Python312\\Lib\\site-packages\\PyInstaller\\hooks'
6348 INFO: Processing standard module hook 'hook-shiboken6.py' from 'C:\\Python312\\Lib\\site-packages\\PyInstaller\\hooks'
6483 INFO: Processing standard module hook 'hook-PySide6.QtNetwork.py' from 'C:\\Python312\\Lib\\site-packages\\PyInstaller\\hooks'
7384 INFO: Processing standard module hook 'hook-PySide6.QtCore.py' from 'C:\\Python312\\Lib\\site-packages\\PyInstaller\\hooks'
8176 INFO: Processing standard module hook 'hook-PySide6.QtWidgets.py' from 'C:\\Python312\\Lib\\site-packages\\PyInstaller\\hooks'
9101 INFO: Processing standard module hook 'hook-PySide6.QtGui.py' from 'C:\\Python312\\Lib\\site-packages\\PyInstaller\\hooks'
9648 INFO: Processing pre-safe-import-module hook 'hook-typing_extensions.py' from 'C:\\Python312\\Lib\\site-packages\\PyInstaller\\hooks\\pre_safe_import_module'
9649 INFO: SetuptoolsInfo: initializing cached setuptools info...
13840 INFO: Processing standard module hook 'hook-platform.py' from 'C:\\Python312\\Lib\\site-packages\\PyInstaller\\hooks'
15328 INFO: Processing standard module hook 'hook-cryptography.py' from 'C:\\Python312\\Lib\\site-packages\\_pyinstaller_hooks_contrib\\stdhooks'
16309 INFO: hook-cryptography: cryptography does not seem to be using dynamically linked OpenSSL.
16668 INFO: Processing standard module hook 'hook-humanize.py' from 'C:\\Python312\\Lib\\site-packages\\_pyinstaller_hooks_contrib\\stdhooks'
16925 INFO: Processing module hooks (post-graph stage)...
16974 INFO: Performing binary vs. data reclassification (152 entries)
17008 INFO: Looking for ctypes DLLs
17016 INFO: Analyzing run-time hooks ...
17018 INFO: Including run-time hook 'pyi_rth_inspect.py' from 'C:\\Python312\\Lib\\site-packages\\PyInstaller\\hooks\\rthooks'
17020 INFO: Including run-time hook 'pyi_rth_cryptography_openssl.py' from 'C:\\Python312\\Lib\\site-packages\\_pyinstaller_hooks_contrib\\rthooks'
17021 INFO: Including run-time hook 'pyi_rth_pyside6.py' from 'C:\\Python312\\Lib\\site-packages\\PyInstaller\\hooks\\rthooks'
17022 INFO: Processing pre-find-module-path hook 'hook-_pyi_rth_utils.py' from 'C:\\Python312\\Lib\\site-packages\\PyInstaller\\hooks\\pre_find_module_path'
17024 INFO: Processing standard module hook 'hook-_pyi_rth_utils.py' from 'C:\\Python312\\Lib\\site-packages\\PyInstaller\\hooks'
17027 INFO: Including run-time hook 'pyi_rth_pkgutil.py' from 'C:\\Python312\\Lib\\site-packages\\PyInstaller\\hooks\\rthooks'
17029 INFO: Including run-time hook 'pyi_rth_multiprocessing.py' from 'C:\\Python312\\Lib\\site-packages\\PyInstaller\\hooks\\rthooks'
17040 INFO: Creating base_library.zip...
17120 INFO: Looking for dynamic libraries
17646 INFO: Extra DLL search directories (AddDllDirectory): ['C:\\Python312\\Lib\\site-packages\\shiboken6']
17646 INFO: Extra DLL search directories (PATH): ['C:\\Python312\\Lib\\site-packages\\PySide6']
19289 INFO: Warnings written to C:\WISE\Game-Launcher\build\WoWLauncher\warn-WoWLauncher.txt
19330 INFO: Graph cross-reference written to C:\WISE\Game-Launcher\build\WoWLauncher\xref-WoWLauncher.html
19353 INFO: checking PYZ
19353 INFO: Building PYZ because PYZ-00.toc is non existent
19353 INFO: Building PYZ (ZlibArchive) C:\WISE\Game-Launcher\build\WoWLauncher\PYZ-00.pyz
20025 INFO: Building PYZ (ZlibArchive) C:\WISE\Game-Launcher\build\WoWLauncher\PYZ-00.pyz completed successfully.
20045 INFO: checking PKG
20045 INFO: Building PKG because PKG-00.toc is non existent
20045 INFO: Building PKG (CArchive) WoWLauncher.pkg
34741 INFO: Building PKG (CArchive) WoWLauncher.pkg completed successfully.
34746 INFO: Bootloader C:\Python312\Lib\site-packages\PyInstaller\bootloader\Windows-64bit-intel\runw.exe
34746 INFO: checking EXE
34746 INFO: Building EXE because EXE-00.toc is non existent
34746 INFO: Building EXE from EXE-00.toc
34746 INFO: Copying bootloader EXE to C:\WISE\Game-Launcher\dist\WoWLauncher.exe
34749 INFO: Copying icon to EXE
34752 INFO: Copying 0 resources to EXE
34752 INFO: Embedding manifest in EXE
34755 INFO: Appending PKG archive to EXE
34798 INFO: Fixing EXE headers
35175 INFO: Building EXE from EXE-00.toc completed successfully.
35180 INFO: Build complete! The results are available in: C:\WISE\Game-Launcher\dist
